<?xml version="1.0" encoding="UTF-8"?>
<robot generator="Robot 7.3.2 (Python 3.11.9 on win32)" generated="2025-09-01T23:46:59.233117" rpa="false" schemaversion="5">
<suite id="s1" name="Login Test" source="C:\Users\PC\Documents\RobotTesting\robot-testing\src\tests\e2e\login_test.robot">
<test id="s1-t1" name="User Can Log In" line="5">
<kw name="New Browser" owner="Browser">
<msg time="2025-09-01T23:46:59.325159" level="INFO">{"browser": "chromium", "headless": false, "chromiumSandbox": false, "devtools": false, "handleSIGHUP": true, "handleSIGINT": true, "handleSIGTERM": true, "slowMo": 0.0, "timeout": 30000.0, "tracesDir": "C:\\Users\\PC\\Documents\\RobotTesting\\robot-testing\\browser\\traces\\temp\\786ab005-a2e7-4587-bf6e-5b371effa8a3"}</msg>
<msg time="2025-09-01T23:46:59.337666" level="INFO">Starting Browser process C:\Users\PC\AppData\Local\Programs\Python\Python311\Lib\site-packages\Browser\wrapper\index.js using at 127.0.0.1:51520</msg>
<msg time="2025-09-01T23:47:00.022444" level="INFO">Successfully created browser with options: {"browser":"chromium","headless":false,"chromiumSandbox":false,"devtools":false,"handleSIGHUP":true,"handleSIGINT":true,"handleSIGTERM":true,"slowMo":0,"timeout":30000,"tracesDir":"C:\\Users\\PC\\Documents\\RobotTesting\\robot-testing\\browser\\traces\\temp\\786ab005-a2e7-4587-bf6e-5b371effa8a3"}</msg>
<arg>chromium</arg>
<arg>headless=false</arg>
<tag>BrowserControl</tag>
<tag>Setter</tag>
<doc>Create a new playwright Browser with specified options.</doc>
<status status="PASS" start="2025-09-01T23:46:59.325159" elapsed="0.697285"/>
</kw>
<kw name="New Page" owner="Browser">
<msg time="2025-09-01T23:47:02.549762" level="INFO">Successfully initialized new page object and opened url: https://ivvi.dev/</msg>
<msg time="2025-09-01T23:47:02.550762" level="INFO">No context was open. New context was automatically opened when this page is created.</msg>
<arg>https://ivvi.dev/</arg>
<tag>BrowserControl</tag>
<tag>Setter</tag>
<doc>Open a new Page.</doc>
<status status="PASS" start="2025-09-01T23:47:00.022444" elapsed="2.528318"/>
</kw>
<kw name="Click" owner="Browser">
<msg time="2025-09-01T23:47:02.551762" level="INFO">Clicks the element 'text=Login'.</msg>
<arg>text=Login</arg>
<tag>PageContent</tag>
<tag>Setter</tag>
<doc>Simulates mouse click on the element found by ``selector``.</doc>
<status status="PASS" start="2025-09-01T23:47:02.550762" elapsed="0.398668"/>
</kw>
<kw name="Fill Text" owner="Browser">
<msg time="2025-09-01T23:47:02.949430" level="INFO">Fills the text 'cecilwakeley@gmail.com' in the given field.</msg>
<arg>css=input[type="email"]</arg>
<arg>cecilwakeley@gmail.com</arg>
<tag>PageContent</tag>
<tag>Setter</tag>
<doc>Clears and fills the given ``txt`` into the text field found by ``selector``.</doc>
<status status="PASS" start="2025-09-01T23:47:02.949430" elapsed="0.059603"/>
</kw>
<kw name="Click" owner="Browser">
<msg time="2025-09-01T23:47:03.010033" level="INFO">Clicks the element 'text=Continue'.</msg>
<arg>text=Continue</arg>
<tag>PageContent</tag>
<tag>Setter</tag>
<doc>Simulates mouse click on the element found by ``selector``.</doc>
<status status="PASS" start="2025-09-01T23:47:03.009033" elapsed="0.050484"/>
</kw>
<kw name="Fill Text" owner="Browser">
<msg time="2025-09-01T23:47:03.059517" level="INFO">Fills the text 'Beholdhowgood!133' in the given field.</msg>
<arg>css=input[type="password"]</arg>
<arg>Beholdhowgood!133</arg>
<tag>PageContent</tag>
<tag>Setter</tag>
<doc>Clears and fills the given ``txt`` into the text field found by ``selector``.</doc>
<status status="PASS" start="2025-09-01T23:47:03.059517" elapsed="0.653209"/>
</kw>
<kw name="Click" owner="Browser">
<msg time="2025-09-01T23:47:03.713726" level="INFO">Clicks the element 'text=Continue'.</msg>
<arg>text=Continue</arg>
<tag>PageContent</tag>
<tag>Setter</tag>
<doc>Simulates mouse click on the element found by ``selector``.</doc>
<status status="PASS" start="2025-09-01T23:47:03.713726" elapsed="0.045057"/>
</kw>
<kw name="Sleep" owner="BuiltIn">
<msg time="2025-09-01T23:47:05.760230" level="INFO">Slept 2 seconds.</msg>
<arg>2s</arg>
<doc>Pauses the test executed for the given time.</doc>
<status status="PASS" start="2025-09-01T23:47:03.758783" elapsed="2.001447"/>
</kw>
<kw name="Click" owner="Browser">
<msg time="2025-09-01T23:47:05.762236" level="INFO">Clicks the element 'css=.js-tour-new-mm'.</msg>
<arg>css=.js-tour-new-mm</arg>
<tag>PageContent</tag>
<tag>Setter</tag>
<doc>Simulates mouse click on the element found by ``selector``.</doc>
<status status="PASS" start="2025-09-01T23:47:05.761234" elapsed="2.096898"/>
</kw>
<kw name="Click" owner="Browser">
<msg time="2025-09-01T23:47:07.859131" level="INFO">Clicks the element 'css=#svg'.</msg>
<arg>css=#svg</arg>
<tag>PageContent</tag>
<tag>Setter</tag>
<doc>Simulates mouse click on the element found by ``selector``.</doc>
<status status="PASS" start="2025-09-01T23:47:07.858132" elapsed="0.540438"/>
</kw>
<kw name="Sleep" owner="BuiltIn">
<msg time="2025-09-01T23:47:09.398986" level="INFO">Slept 1 second.</msg>
<arg>1s</arg>
<doc>Pauses the test executed for the given time.</doc>
<status status="PASS" start="2025-09-01T23:47:08.398570" elapsed="1.000416"/>
</kw>
<kw name="Press Keys" owner="Browser">
<arg>:focus</arg>
<arg>Tab</arg>
<tag>PageContent</tag>
<tag>Setter</tag>
<doc>Types the given key combination into element found by ``selector``.</doc>
<status status="PASS" start="2025-09-01T23:47:09.398986" elapsed="2.438524"/>
</kw>
<kw name="Fill Text" owner="Browser">
<msg time="2025-09-01T23:47:11.838510" level="INFO">Fills the text 'JustTest' in the given field.</msg>
<arg>:focus</arg>
<arg>JustTest</arg>
<tag>PageContent</tag>
<tag>Setter</tag>
<doc>Clears and fills the given ``txt`` into the text field found by ``selector``.</doc>
<status status="PASS" start="2025-09-01T23:47:11.837510" elapsed="0.010598"/>
</kw>
<kw name="Press Keys" owner="Browser">
<arg>:focus</arg>
<arg>Enter</arg>
<tag>PageContent</tag>
<tag>Setter</tag>
<doc>Types the given key combination into element found by ``selector``.</doc>
<status status="PASS" start="2025-09-01T23:47:11.848108" elapsed="0.046652"/>
</kw>
<kw name="Close Browser" owner="Browser">
<msg time="2025-09-01T23:47:12.047045" level="INFO">Closed browser</msg>
<tag>BrowserControl</tag>
<tag>Setter</tag>
<doc>Closes the current browser.</doc>
<status status="PASS" start="2025-09-01T23:47:11.894760" elapsed="0.153286"/>
</kw>
<status status="PASS" start="2025-09-01T23:46:59.323657" elapsed="12.724389"/>
</test>
<status status="PASS" start="2025-09-01T23:46:59.233117" elapsed="12.819930"/>
</suite>
<statistics>
<total>
<stat pass="1" fail="0" skip="0">All Tests</stat>
</total>
<tag>
</tag>
<suite>
<stat name="Login Test" id="s1" pass="1" fail="0" skip="0">Login Test</stat>
</suite>
</statistics>
<errors>
</errors>
</robot>
