<?xml version="1.0" encoding="UTF-8"?>
<robot generator="Robot 7.3.2 (Python 3.11.9 on win32)" generated="2025-09-02T00:53:09.673422" rpa="false" schemaversion="5">
<suite id="s1" name="Login Test" source="C:\Users\PC\Documents\RobotTesting\robot-testing\src\tests\e2e\login_test.robot">
<test id="s1-t1" name="Login with correct Username and Password" line="5">
<kw name="Open Browser" owner="SeleniumLibrary">
<msg time="2025-09-02T00:53:09.794066" level="INFO">Opening browser 'chrome' to base url 'https://ivvi.dev'.</msg>
<arg>https://ivvi.dev</arg>
<arg>chrome</arg>
<doc>Opens a new browser instance to the optional ``url``.</doc>
<status status="PASS" start="2025-09-02T00:53:09.794066" elapsed="3.054057"/>
</kw>
<kw name="Click Element" owner="SeleniumLibrary">
<msg time="2025-09-02T00:53:12.848123" level="INFO">Clicking element 'xpath=//*[contains(text(), "Login")]'.</msg>
<arg>xpath=//*[contains(text(), "Login")]</arg>
<doc>Click the element identified by ``locator``.</doc>
<status status="PASS" start="2025-09-02T00:53:12.848123" elapsed="0.571013"/>
</kw>
<kw name="Sleep" owner="BuiltIn">
<msg time="2025-09-02T00:53:14.420943" level="INFO">Slept 1 second.</msg>
<arg>1s</arg>
<doc>Pauses the test executed for the given time.</doc>
<status status="PASS" start="2025-09-02T00:53:13.419136" elapsed="1.001807"/>
</kw>
<kw name="Input Text" owner="SeleniumLibrary">
<msg time="2025-09-02T00:53:14.421454" level="INFO">Typing text 'cecilwakeley@gmail.com' into text field 'css=input[type="email"]'.</msg>
<arg>css=input[type="email"]</arg>
<arg>cecilwakeley@gmail.com</arg>
<doc>Types the given ``text`` into the text field identified by ``locator``.</doc>
<status status="PASS" start="2025-09-02T00:53:14.421454" elapsed="0.069372"/>
</kw>
<kw name="Click Element" owner="SeleniumLibrary">
<msg time="2025-09-02T00:53:14.490826" level="INFO">Clicking element 'xpath=//*[contains(text(), "Continue")]'.</msg>
<arg>xpath=//*[contains(text(), "Continue")]</arg>
<doc>Click the element identified by ``locator``.</doc>
<status status="PASS" start="2025-09-02T00:53:14.490826" elapsed="0.028499"/>
</kw>
<kw name="Sleep" owner="BuiltIn">
<msg time="2025-09-02T00:53:17.519867" level="INFO">Slept 3 seconds.</msg>
<arg>3s</arg>
<doc>Pauses the test executed for the given time.</doc>
<status status="PASS" start="2025-09-02T00:53:14.519325" elapsed="3.000542"/>
</kw>
<kw name="Input Text" owner="SeleniumLibrary">
<msg time="2025-09-02T00:53:17.521390" level="INFO">Typing text 'Beholdhowgood!133' into text field 'css=input[type="password"]'.</msg>
<arg>css=input[type="password"]</arg>
<arg>Beholdhowgood!133</arg>
<doc>Types the given ``text`` into the text field identified by ``locator``.</doc>
<status status="PASS" start="2025-09-02T00:53:17.520386" elapsed="0.067982"/>
</kw>
<kw name="Sleep" owner="BuiltIn">
<msg time="2025-09-02T00:53:18.588904" level="INFO">Slept 1 second.</msg>
<arg>1s</arg>
<doc>Pauses the test executed for the given time.</doc>
<status status="PASS" start="2025-09-02T00:53:17.588368" elapsed="1.000536"/>
</kw>
<kw name="Click Element" owner="SeleniumLibrary">
<msg time="2025-09-02T00:53:18.590441" level="INFO">Clicking element 'xpath=//*[contains(text(), "Continue")]'.</msg>
<arg>xpath=//*[contains(text(), "Continue")]</arg>
<doc>Click the element identified by ``locator``.</doc>
<status status="PASS" start="2025-09-02T00:53:18.588904" elapsed="0.044128"/>
</kw>
<kw name="Sleep" owner="BuiltIn">
<msg time="2025-09-02T00:53:19.633275" level="INFO">Slept 1 second.</msg>
<arg>1s</arg>
<doc>Pauses the test executed for the given time.</doc>
<status status="PASS" start="2025-09-02T00:53:18.633032" elapsed="1.000243"/>
</kw>
<kw name="Click Element" owner="SeleniumLibrary">
<msg time="2025-09-02T00:53:19.633779" level="INFO">Clicking element 'xpath=//*[@id="js-octopus-app-container"]/div/div[1]/div[2]/div[5]/div/div[1]/div[2]/div/div/a'.</msg>
<arg>xpath=//*[@id="js-octopus-app-container"]/div/div[1]/div[2]/div[5]/div/div[1]/div[2]/div/div/a</arg>
<doc>Click the element identified by ``locator``.</doc>
<status status="PASS" start="2025-09-02T00:53:19.633779" elapsed="4.296856"/>
</kw>
<kw name="Sleep" owner="BuiltIn">
<msg time="2025-09-02T00:53:24.930768" level="INFO">Slept 1 second.</msg>
<arg>1s</arg>
<doc>Pauses the test executed for the given time.</doc>
<status status="PASS" start="2025-09-02T00:53:23.930635" elapsed="1.000133"/>
</kw>
<kw name="Press Keys" owner="SeleniumLibrary">
<msg time="2025-09-02T00:53:24.932287" level="INFO">Sending key(s) ('TAB',) to xpath=//body element.</msg>
<msg time="2025-09-02T00:53:25.262631" level="INFO">Pressing special key TAB to element.</msg>
<msg time="2025-09-02T00:53:25.262631" level="INFO">Releasing special key TAB.</msg>
<arg>xpath=//body</arg>
<arg>TAB</arg>
<doc>Simulates the user pressing key(s) to an element or on the active browser.</doc>
<status status="PASS" start="2025-09-02T00:53:24.931280" elapsed="0.345108"/>
</kw>
<kw name="Sleep" owner="BuiltIn">
<msg time="2025-09-02T00:53:27.276669" level="INFO">Slept 2 seconds.</msg>
<arg>2s</arg>
<doc>Pauses the test executed for the given time.</doc>
<status status="PASS" start="2025-09-02T00:53:25.276388" elapsed="2.000281"/>
</kw>
<kw name="Press Keys" owner="SeleniumLibrary">
<msg time="2025-09-02T00:53:27.277673" level="INFO">Sending key(s) ('MyUsername',) to xpath=//body element.</msg>
<msg time="2025-09-02T00:53:27.581300" level="INFO">Sending keys MyUsername</msg>
<arg>xpath=//body</arg>
<arg>MyUsername</arg>
<doc>Simulates the user pressing key(s) to an element or on the active browser.</doc>
<status status="PASS" start="2025-09-02T00:53:27.276669" elapsed="0.322548"/>
</kw>
<kw name="Sleep" owner="BuiltIn">
<msg time="2025-09-02T00:53:30.599776" level="INFO">Slept 3 seconds.</msg>
<arg>3s</arg>
<doc>Pauses the test executed for the given time.</doc>
<status status="PASS" start="2025-09-02T00:53:27.599217" elapsed="3.000559"/>
</kw>
<status status="PASS" start="2025-09-02T00:53:09.793065" elapsed="20.807224"/>
</test>
<status status="PASS" start="2025-09-02T00:53:09.674422" elapsed="20.927922"/>
</suite>
<statistics>
<total>
<stat pass="1" fail="0" skip="0">All Tests</stat>
</total>
<tag>
</tag>
<suite>
<stat name="Login Test" id="s1" pass="1" fail="0" skip="0">Login Test</stat>
</suite>
</statistics>
<errors>
</errors>
</robot>
